<?xml version="1.0" encoding="UTF-8"?>
<!-- Generated by org.testng.reporters.JUnitXMLReporter -->
<testsuite hostname="Lenovo-PC" name="Surefire test" tests="3" failures="0" timestamp="18 Jul 2018 12:16:25 GMT" time="3.242" errors="0">
  <testcase name="testHasMatchUser" time="0.09" classname="com.smart.service.UserServiceTest"/>
  <testcase name="testAddLoginLog" time="0.251" classname="com.smart.service.UserServiceTest"/>
  <testcase name="testFindUserByUserName" time="0.347" classname="com.smart.service.UserServiceTest"/>
</testsuite> <!-- Surefire test -->
